# JRE version: OpenJDK Runtime Environment (21.0.8) (build 21.0.8+-14196175-b1038.72)
# Java VM: OpenJDK 64-Bit Server VM (21.0.8+-14196175-b1038.72, mixed mode, tiered, compressed oops, compressed class ptrs, g1 gc, windows-amd64)
GC Precious Log:
 CardTable entry size: 512
 Card Set container configuration: InlinePtr #cards 4 size 8 Array Of Cards #cards 32 size 80 Howl #buckets 8 coarsen threshold 7372 Howl Bitmap #cards 1024 size 144 coarsen threshold 921 Card regions per heap region 1 cards per card region 8192
 CPUs: 4 total, 4 available
 Memory: 16026M
 Large Page Support: Disabled
 NUMA Support: Disabled
 Compressed Oops: Enabled (Zero based)
 Heap Region Size: 4M
 Heap Min Capacity: 8M
 Heap Initial Capacity: 252M
 Heap Max Capacity: 8G
 Pre-touch: Disabled
 Parallel Workers: 4
 Concurrent Workers: 1
 Concurrent Refinement Workers: 4
 Periodic GC: Disabled
Heap:
 garbage-first heap   total 1748992K, used 674745K [0x0000000600000000, 0x0000000800000000)
  region size 4096K, 8 young (32768K), 8 survivors (32768K)
 Metaspace       used 296805K, committed 300160K, reserved 1376256K
  class space    used 37098K, committed 38784K, reserved 1048576K
GC Heap History (20 events):
Event: 664.509 GC heap after
{Heap after GC invocations=198 (full 0):
 garbage-first heap   total 1748992K, used 712704K [0x0000000600000000, 0x0000000800000000)
  region size 4096K, 18 young (73728K), 18 survivors (73728K)
 Metaspace       used 297290K, committed 300672K, reserved 1376256K
  class space    used 37137K, committed 38784K, reserved 1048576K
}
Event: 667.646 GC heap before
{Heap before GC invocations=198 (full 0):
 garbage-first heap   total 1748992K, used 1585152K [0x0000000600000000, 0x0000000800000000)
  region size 4096K, 231 young (946176K), 18 survivors (73728K)
 Metaspace       used 297384K, committed 300800K, reserved 1376256K
  class space    used 37139K, committed 38784K, reserved 1048576K
}
Event: 667.731 GC heap after
{Heap after GC invocations=199 (full 0):
 garbage-first heap   total 1748992K, used 704011K [0x0000000600000000, 0x0000000800000000)
  region size 4096K, 13 young (53248K), 13 survivors (53248K)
 Metaspace       used 297384K, committed 300800K, reserved 1376256K
  class space    used 37139K, committed 38784K, reserved 1048576K
}
Event: 670.810 GC heap before
{Heap before GC invocations=199 (full 0):
 garbage-first heap   total 1748992K, used 1605131K [0x0000000600000000, 0x0000000800000000)
  region size 4096K, 233 young (954368K), 13 survivors (53248K)
 Metaspace       used 297465K, committed 300864K, reserved 1376256K
  class space    used 37140K, committed 38784K, reserved 1048576K
}
Event: 670.876 GC heap after
{Heap after GC invocations=200 (full 0):
 garbage-first heap   total 1748992K, used 701963K [0x0000000600000000, 0x0000000800000000)
  region size 4096K, 13 young (53248K), 13 survivors (53248K)
 Metaspace       used 297465K, committed 300864K, reserved 1376256K
  class space    used 37140K, committed 38784K, reserved 1048576K
}
Event: 674.966 GC heap before
{Heap before GC invocations=201 (full 0):
 garbage-first heap   total 1748992K, used 1603083K [0x0000000600000000, 0x0000000800000000)
  region size 4096K, 233 young (954368K), 13 survivors (53248K)
 Metaspace       used 296362K, committed 300032K, reserved 1376256K
  class space    used 37055K, committed 38784K, reserved 1048576K
}
Event: 675.032 GC heap after
{Heap after GC invocations=202 (full 0):
 garbage-first heap   total 1748992K, used 704011K [0x0000000600000000, 0x0000000800000000)
  region size 4096K, 13 young (53248K), 13 survivors (53248K)
 Metaspace       used 296362K, committed 300032K, reserved 1376256K
  class space    used 37055K, committed 38784K, reserved 1048576K
}
Event: 678.981 GC heap before
{Heap before GC invocations=202 (full 0):
 garbage-first heap   total 1748992K, used 1605131K [0x0000000600000000, 0x0000000800000000)
  region size 4096K, 233 young (954368K), 13 survivors (53248K)
 Metaspace       used 296581K, committed 300032K, reserved 1376256K
  class space    used 37079K, committed 38784K, reserved 1048576K
}
Event: 679.023 GC heap after
{Heap after GC invocations=203 (full 0):
 garbage-first heap   total 1748992K, used 671076K [0x0000000600000000, 0x0000000800000000)
  region size 4096K, 6 young (24576K), 6 survivors (24576K)
 Metaspace       used 296581K, committed 300032K, reserved 1376256K
  class space    used 37079K, committed 38784K, reserved 1048576K
}
Event: 681.984 GC heap before
{Heap before GC invocations=203 (full 0):
 garbage-first heap   total 1748992K, used 1629540K [0x0000000600000000, 0x0000000800000000)
  region size 4096K, 240 young (983040K), 6 survivors (24576K)
 Metaspace       used 296627K, committed 300032K, reserved 1376256K
  class space    used 37080K, committed 38784K, reserved 1048576K
}
Event: 682.042 GC heap after
{Heap after GC invocations=204 (full 0):
 garbage-first heap   total 1748992K, used 705892K [0x0000000600000000, 0x0000000800000000)
  region size 4096K, 14 young (57344K), 14 survivors (57344K)
 Metaspace       used 296627K, committed 300032K, reserved 1376256K
  class space    used 37080K, committed 38784K, reserved 1048576K
}
Event: 686.184 GC heap before
{Heap before GC invocations=205 (full 0):
 garbage-first heap   total 1748992K, used 1598820K [0x0000000600000000, 0x0000000800000000)
  region size 4096K, 232 young (950272K), 14 survivors (57344K)
 Metaspace       used 296666K, committed 300096K, reserved 1376256K
  class space    used 37086K, committed 38784K, reserved 1048576K
}
Event: 686.250 GC heap after
{Heap after GC invocations=206 (full 0):
 garbage-first heap   total 1748992K, used 712036K [0x0000000600000000, 0x0000000800000000)
  region size 4096K, 16 young (65536K), 16 survivors (65536K)
 Metaspace       used 296666K, committed 300096K, reserved 1376256K
  class space    used 37086K, committed 38784K, reserved 1048576K
}
Event: 688.321 GC heap before
{Heap before GC invocations=206 (full 0):
 garbage-first heap   total 1748992K, used 1588580K [0x0000000600000000, 0x0000000800000000)
  region size 4096K, 230 young (942080K), 16 survivors (65536K)
 Metaspace       used 296697K, committed 300096K, reserved 1376256K
  class space    used 37087K, committed 38784K, reserved 1048576K
}
Event: 688.403 GC heap after
{Heap after GC invocations=207 (full 0):
 garbage-first heap   total 1748992K, used 699085K [0x0000000600000000, 0x0000000800000000)
  region size 4096K, 13 young (53248K), 13 survivors (53248K)
 Metaspace       used 296697K, committed 300096K, reserved 1376256K
  class space    used 37087K, committed 38784K, reserved 1048576K
}
Event: 690.187 GC heap before
{Heap before GC invocations=207 (full 0):
 garbage-first heap   total 1748992K, used 1604301K [0x0000000600000000, 0x0000000800000000)
  region size 4096K, 234 young (958464K), 13 survivors (53248K)
 Metaspace       used 296708K, committed 300096K, reserved 1376256K
  class space    used 37089K, committed 38784K, reserved 1048576K
}
Event: 690.236 GC heap after
{Heap after GC invocations=208 (full 0):
 garbage-first heap   total 1748992K, used 697037K [0x0000000600000000, 0x0000000800000000)
  region size 4096K, 13 young (53248K), 13 survivors (53248K)
 Metaspace       used 296708K, committed 300096K, reserved 1376256K
  class space    used 37089K, committed 38784K, reserved 1048576K
}
Event: 692.528 GC heap before
{Heap before GC invocations=209 (full 0):
 garbage-first heap   total 1748992K, used 1602253K [0x0000000600000000, 0x0000000800000000)
  region size 4096K, 234 young (958464K), 13 survivors (53248K)
 Metaspace       used 296764K, committed 300160K, reserved 1376256K
  class space    used 37097K, committed 38784K, reserved 1048576K
}
Event: 692.575 GC heap after
{Heap after GC invocations=210 (full 0):
 garbage-first heap   total 1748992K, used 688845K [0x0000000600000000, 0x0000000800000000)
  region size 4096K, 11 young (45056K), 11 survivors (45056K)
 Metaspace       used 296764K, committed 300160K, reserved 1376256K
  class space    used 37097K, committed 38784K, reserved 1048576K
}
Event: 695.370 GC heap before
{Heap before GC invocations=210 (full 0):
 garbage-first heap   total 1748992K, used 1614541K [0x0000000600000000, 0x0000000800000000)
  region size 4096K, 236 young (966656K), 11 survivors (45056K)
 Metaspace       used 296805K, committed 300160K, reserved 1376256K
  class space    used 37098K, committed 38784K, reserved 1048576K
}

